<?xml version="1.0" encoding="UTF-8"?>
<testng-results ignored="0" total="1" passed="1" failed="0" skipped="0">
  <reporter-output>
  </reporter-output>
  <suite started-at="2022-06-16T14:26:55 IST" name="Default suite" finished-at="2022-06-16T14:27:06 IST" duration-ms="11178">
    <groups>
    </groups>
    <test started-at="2022-06-16T14:26:55 IST" name="Default test" finished-at="2022-06-16T14:27:06 IST" duration-ms="11178">
      <class name="Test.Testone$LoginTestPage">
        <test-method is-config="true" signature="browser()[pri:0, instance:Test.Testone$LoginTestPage@647e447]" started-at="2022-06-16T14:26:55 IST" name="browser" finished-at="2022-06-16T14:27:00 IST" duration-ms="5280" status="PASS">
          <reporter-output>
          </reporter-output>
        </test-method> <!-- browser -->
        <test-method signature="loginWithCredentialTest()[pri:0, instance:Test.Testone$LoginTestPage@647e447]" started-at="2022-06-16T14:27:00 IST" name="loginWithCredentialTest" finished-at="2022-06-16T14:27:06 IST" duration-ms="5854" status="PASS">
          <reporter-output>
          </reporter-output>
        </test-method> <!-- loginWithCredentialTest -->
      </class> <!-- Test.Testone$LoginTestPage -->
    </test> <!-- Default test -->
  </suite> <!-- Default suite -->
</testng-results>
